The system is: Darwin - 14.1.0 - x86_64
Compiling the C compiler identification source file "CMakeCCompilerId.c" succeeded.
Compiler: /usr/local/bin/mpicc 
Build flags: 
Id flags: 

The output was:
0


Compilation of the C compiler identification source "CMakeCCompilerId.c" produced "a.out"

The C compiler identification is Intel, found in "/Users/Jorgenkg/Documents/Skole/TMA4280 Super Computers/oving4/mac_build/CMakeFiles/3.0.2/CompilerIdC/a.out"

Compiling the CXX compiler identification source file "CMakeCXXCompilerId.cpp" succeeded.
Compiler: /usr/local/bin/mpicxx 
Build flags: 
Id flags: 

The output was:
0


Compilation of the CXX compiler identification source "CMakeCXXCompilerId.cpp" produced "a.out"

The CXX compiler identification is Intel, found in "/Users/Jorgenkg/Documents/Skole/TMA4280 Super Computers/oving4/mac_build/CMakeFiles/3.0.2/CompilerIdCXX/a.out"

Determining if the C compiler works passed with the following output:
Change Dir: /Users/Jorgenkg/Documents/Skole/TMA4280 Super Computers/oving4/mac_build/CMakeFiles/CMakeTmp

Run Build Command:"/usr/bin/make" "cmTryCompileExec1605000652/fast"
/Applications/Xcode.app/Contents/Developer/usr/bin/make -f CMakeFiles/cmTryCompileExec1605000652.dir/build.make CMakeFiles/cmTryCompileExec1605000652.dir/build
/opt/local/bin/cmake -E cmake_progress_report "/Users/Jorgenkg/Documents/Skole/TMA4280 Super Computers/oving4/mac_build/CMakeFiles/CMakeTmp/CMakeFiles" 1
Building C object CMakeFiles/cmTryCompileExec1605000652.dir/testCCompiler.c.o
/usr/local/bin/mpicc    -o CMakeFiles/cmTryCompileExec1605000652.dir/testCCompiler.c.o   -c "/Users/Jorgenkg/Documents/Skole/TMA4280 Super Computers/oving4/mac_build/CMakeFiles/CMakeTmp/testCCompiler.c"
Linking C executable cmTryCompileExec1605000652
/opt/local/bin/cmake -E cmake_link_script CMakeFiles/cmTryCompileExec1605000652.dir/link.txt --verbose=1
/usr/local/bin/mpicc    -Wl,-search_paths_first -Wl,-headerpad_max_install_names   CMakeFiles/cmTryCompileExec1605000652.dir/testCCompiler.c.o  -o cmTryCompileExec1605000652  


Detecting C compiler ABI info compiled with the following output:
Change Dir: /Users/Jorgenkg/Documents/Skole/TMA4280 Super Computers/oving4/mac_build/CMakeFiles/CMakeTmp

Run Build Command:"/usr/bin/make" "cmTryCompileExec698057328/fast"
/Applications/Xcode.app/Contents/Developer/usr/bin/make -f CMakeFiles/cmTryCompileExec698057328.dir/build.make CMakeFiles/cmTryCompileExec698057328.dir/build
/opt/local/bin/cmake -E cmake_progress_report "/Users/Jorgenkg/Documents/Skole/TMA4280 Super Computers/oving4/mac_build/CMakeFiles/CMakeTmp/CMakeFiles" 1
Building C object CMakeFiles/cmTryCompileExec698057328.dir/CMakeCCompilerABI.c.o
/usr/local/bin/mpicc    -o CMakeFiles/cmTryCompileExec698057328.dir/CMakeCCompilerABI.c.o   -c /opt/local/share/cmake-3.0/Modules/CMakeCCompilerABI.c
Linking C executable cmTryCompileExec698057328
/opt/local/bin/cmake -E cmake_link_script CMakeFiles/cmTryCompileExec698057328.dir/link.txt --verbose=1
/usr/local/bin/mpicc    -Wl,-search_paths_first -Wl,-headerpad_max_install_names -v -Wl,-v CMakeFiles/cmTryCompileExec698057328.dir/CMakeCCompilerABI.c.o  -o cmTryCompileExec698057328   
icc version 15.0.2 (gcc version 4.9.0 compatibility)
/usr/bin/icc-15.0-base/bin/intel64/mcpcom    -mP1OPT_version=15.0-intel64 -mGLOB_diag_file=CMakeFiles/cmTryCompileExec698057328.dir/CMakeCCompilerABI.c.diag -mGLOB_diag_use_message_catalog=FALSE -mP1OPT_print_version=FALSE -mCG_use_gas_got_workaround=F -mP2OPT_align_option_used=TRUE -mGLOB_gcc_version=490 "-mGLOB_options_string=-I/usr/local/include -Wl,-search_paths_first -Wl,-headerpad_max_install_names -v -Wl,-v -o cmTryCompileExec698057328 -L/usr/local/lib -lmpi" -mGLOB_position_independent_code -mGLOB_preemption_model=1 -mGLOB_no_compact_unwind=TRUE -mGLOB_cxx_limited_range=FALSE -mCG_extend_parms=FALSE -mGLOB_compiler_bin_directory=/usr/bin/icc-15.0-base/bin/intel64 -mGLOB_as_output_backup_file_name=/var/folders/nf/kscyqrcd5298dv5wjsllpj9r0000gn/T/iccfh5kvzas_.s -mIPOPT_activate -mGLOB_em64t -mGLOB_product_id_code=0x22006d91 -mP3OPT_use_mspp_call_convention -mPGOPTI_value_profile_use=T -mGLOB_opt_report_use_source_name -mP2OPT_il0_array_sections=TRUE -mP2OPT_hlo -mP2OPT_hpo_rtt_control=0 -mIPOPT_args_in_regs=0 -mP2OPT_disam_assume_nonstd_intent_in=FALSE -mGLOB_imf_mapping_library=/usr/bin/icc-15.0-base/bin/intel64/libiml_attr.dylib -mPGOPTI_gen_threadsafe_level=0 -mIPOPT_link -mIPOPT_ipo_activate -mIPOPT_mo_activate -mIPOPT_source_files_list=/var/folders/nf/kscyqrcd5298dv5wjsllpj9r0000gn/T/iccslisM9hRsi -mIPOPT_mo_global_data "-mIPOPT_cmdline_link="-dynamic" "-arch" "x86_64" "-weak_reference_mismatches" "non-weak" "-macosx_version_min" "10.10.2" "-no_compact_unwind" "-L/usr/local/lib" "-o" "cmTryCompileExec698057328" "-L/usr/bin/icc-15.0-base/compiler/lib" "-L/usr/lib" "-search_paths_first" "-headerpad_max_install_names" "-v" "CMakeFiles/cmTryCompileExec698057328.dir/CMakeCCompilerABI.c.o" "-lmpi" "/usr/bin/icc-15.0-base/compiler/lib/libimf.a" "/usr/bin/icc-15.0-base/compiler/lib/libsvml.a" "/usr/bin/icc-15.0-base/compiler/lib/libirng.a" "/usr/bin/icc-15.0-base/compiler/lib/libipgo.a" "/usr/bin/icc-15.0-base/compiler/lib/libdecimal.a" "-weak-lcilkrts" "-lc++" "-lSystem" "/usr/bin/icc-15.0-base/compiler/lib/libirc.a" "/usr/bin/icc-15.0-base/compiler/lib/libsvml.a" "/Applications/Xcode.app/Contents/Developer/Toolchains/XcodeDefault.xctoolchain/usr/bin/../lib/clang/6.0/lib/darwin/libclang_rt.osx.a"" -mIPOPT_il_in_obj -mIPOPT_ipo_activate_warn=FALSE -mIPOPT_obj_output_file_name=/var/folders/nf/kscyqrcd5298dv5wjsllpj9r0000gn/T/ipo_icci8iGe3.o -mIPOPT_whole_archive_fixup_file_name=/var/folders/nf/kscyqrcd5298dv5wjsllpj9r0000gn/T/iccwarchEr9a34 -mGLOB_long_size_64 -mGLOB_routine_pointer_size_64 -mGLOB_driver_tempfile_name=/var/folders/nf/kscyqrcd5298dv5wjsllpj9r0000gn/T/icctempfileMlVjhE -mGLOB_os_target=GLOB_OS_TARGET_MACH -mGLOB_async_unwind_tables=TRUE -mGLOB_obj_output_file=/var/folders/nf/kscyqrcd5298dv5wjsllpj9r0000gn/T/ipo_icci8iGe3.o -mGLOB_source_dialect=GLOB_SOURCE_DIALECT_NONE -mP1OPT_source_file_name=ipo_out.c CMakeFiles/cmTryCompileExec698057328.dir/CMakeCCompilerABI.c.o -mIPOPT_object_files=T -mIPOPT_assembly_files=/var/folders/nf/kscyqrcd5298dv5wjsllpj9r0000gn/T/iccalisS2m1T5 -mIPOPT_generated_tempfiles=/var/folders/nf/kscyqrcd5298dv5wjsllpj9r0000gn/T/iccelis1FKa0U -mIPOPT_embedded_object_base_name=/var/folders/nf/kscyqrcd5298dv5wjsllpj9r0000gn/T/icceobjqR0yP9
/Applications/Xcode.app/Contents/Developer/Toolchains/XcodeDefault.xctoolchain/usr/bin/ld    -dynamic -arch x86_64 -weak_reference_mismatches non-weak -macosx_version_min 10.10.2 -no_compact_unwind -L/usr/local/lib -o cmTryCompileExec698057328 -L/usr/bin/icc-15.0-base/compiler/lib -L/usr/lib CMakeFiles/cmTryCompileExec698057328.dir/CMakeCCompilerABI.c.o -search_paths_first -headerpad_max_install_names -v -lmpi /usr/bin/icc-15.0-base/compiler/lib/libimf.a /usr/bin/icc-15.0-base/compiler/lib/libsvml.a /usr/bin/icc-15.0-base/compiler/lib/libirng.a /usr/bin/icc-15.0-base/compiler/lib/libipgo.a /usr/bin/icc-15.0-base/compiler/lib/libdecimal.a -weak-lcilkrts -lc++ -lSystem /usr/bin/icc-15.0-base/compiler/lib/libirc.a /usr/bin/icc-15.0-base/compiler/lib/libsvml.a /Applications/Xcode.app/Contents/Developer/Toolchains/XcodeDefault.xctoolchain/usr/bin/../lib/clang/6.0/lib/darwin/libclang_rt.osx.a
@(#)PROGRAM:ld  PROJECT:ld64-241.9
configured to support archs: armv6 armv7 armv7s arm64 i386 x86_64 x86_64h armv6m armv7m armv7em
Library search paths:
	/usr/local/lib
	/usr/bin/icc-15.0-base/compiler/lib
	/usr/lib
	/usr/lib
	/usr/local/lib
Framework search paths:
	/Library/Frameworks/
	/System/Library/Frameworks/


Parsed C implicit link information from above output:
  link line regex: [^( *|.*[/\])(ld|([^/\]+-)?ld|collect2)[^/\]*( |$)]
  ignore line: [Change Dir: /Users/Jorgenkg/Documents/Skole/TMA4280 Super Computers/oving4/mac_build/CMakeFiles/CMakeTmp]
  ignore line: []
  ignore line: [Run Build Command:"/usr/bin/make" "cmTryCompileExec698057328/fast"]
  ignore line: [/Applications/Xcode.app/Contents/Developer/usr/bin/make -f CMakeFiles/cmTryCompileExec698057328.dir/build.make CMakeFiles/cmTryCompileExec698057328.dir/build]
  ignore line: [/opt/local/bin/cmake -E cmake_progress_report "/Users/Jorgenkg/Documents/Skole/TMA4280 Super Computers/oving4/mac_build/CMakeFiles/CMakeTmp/CMakeFiles" 1]
  ignore line: [Building C object CMakeFiles/cmTryCompileExec698057328.dir/CMakeCCompilerABI.c.o]
  ignore line: [/usr/local/bin/mpicc    -o CMakeFiles/cmTryCompileExec698057328.dir/CMakeCCompilerABI.c.o   -c /opt/local/share/cmake-3.0/Modules/CMakeCCompilerABI.c]
  ignore line: [Linking C executable cmTryCompileExec698057328]
  ignore line: [/opt/local/bin/cmake -E cmake_link_script CMakeFiles/cmTryCompileExec698057328.dir/link.txt --verbose=1]
  ignore line: [/usr/local/bin/mpicc    -Wl,-search_paths_first -Wl,-headerpad_max_install_names -v -Wl,-v CMakeFiles/cmTryCompileExec698057328.dir/CMakeCCompilerABI.c.o  -o cmTryCompileExec698057328   ]
  ignore line: [icc version 15.0.2 (gcc version 4.9.0 compatibility)]
  ignore line: [/usr/bin/icc-15.0-base/bin/intel64/mcpcom    -mP1OPT_version=15.0-intel64 -mGLOB_diag_file=CMakeFiles/cmTryCompileExec698057328.dir/CMakeCCompilerABI.c.diag -mGLOB_diag_use_message_catalog=FALSE -mP1OPT_print_version=FALSE -mCG_use_gas_got_workaround=F -mP2OPT_align_option_used=TRUE -mGLOB_gcc_version=490 "-mGLOB_options_string=-I/usr/local/include -Wl,-search_paths_first -Wl,-headerpad_max_install_names -v -Wl,-v -o cmTryCompileExec698057328 -L/usr/local/lib -lmpi" -mGLOB_position_independent_code -mGLOB_preemption_model=1 -mGLOB_no_compact_unwind=TRUE -mGLOB_cxx_limited_range=FALSE -mCG_extend_parms=FALSE -mGLOB_compiler_bin_directory=/usr/bin/icc-15.0-base/bin/intel64 -mGLOB_as_output_backup_file_name=/var/folders/nf/kscyqrcd5298dv5wjsllpj9r0000gn/T/iccfh5kvzas_.s -mIPOPT_activate -mGLOB_em64t -mGLOB_product_id_code=0x22006d91 -mP3OPT_use_mspp_call_convention -mPGOPTI_value_profile_use=T -mGLOB_opt_report_use_source_name -mP2OPT_il0_array_sections=TRUE -mP2OPT_hlo -mP2OPT_hpo_rtt_control=0 -mIPOPT_args_in_regs=0 -mP2OPT_disam_assume_nonstd_intent_in=FALSE -mGLOB_imf_mapping_library=/usr/bin/icc-15.0-base/bin/intel64/libiml_attr.dylib -mPGOPTI_gen_threadsafe_level=0 -mIPOPT_link -mIPOPT_ipo_activate -mIPOPT_mo_activate -mIPOPT_source_files_list=/var/folders/nf/kscyqrcd5298dv5wjsllpj9r0000gn/T/iccslisM9hRsi -mIPOPT_mo_global_data "-mIPOPT_cmdline_link="-dynamic" "-arch" "x86_64" "-weak_reference_mismatches" "non-weak" "-macosx_version_min" "10.10.2" "-no_compact_unwind" "-L/usr/local/lib" "-o" "cmTryCompileExec698057328" "-L/usr/bin/icc-15.0-base/compiler/lib" "-L/usr/lib" "-search_paths_first" "-headerpad_max_install_names" "-v" "CMakeFiles/cmTryCompileExec698057328.dir/CMakeCCompilerABI.c.o" "-lmpi" "/usr/bin/icc-15.0-base/compiler/lib/libimf.a" "/usr/bin/icc-15.0-base/compiler/lib/libsvml.a" "/usr/bin/icc-15.0-base/compiler/lib/libirng.a" "/usr/bin/icc-15.0-base/compiler/lib/libipgo.a" "/usr/bin/icc-15.0-base/compiler/lib/libdecimal.a" "-weak-lcilkrts" "-lc++" "-lSystem" "/usr/bin/icc-15.0-base/compiler/lib/libirc.a" "/usr/bin/icc-15.0-base/compiler/lib/libsvml.a" "/Applications/Xcode.app/Contents/Developer/Toolchains/XcodeDefault.xctoolchain/usr/bin/../lib/clang/6.0/lib/darwin/libclang_rt.osx.a"" -mIPOPT_il_in_obj -mIPOPT_ipo_activate_warn=FALSE -mIPOPT_obj_output_file_name=/var/folders/nf/kscyqrcd5298dv5wjsllpj9r0000gn/T/ipo_icci8iGe3.o -mIPOPT_whole_archive_fixup_file_name=/var/folders/nf/kscyqrcd5298dv5wjsllpj9r0000gn/T/iccwarchEr9a34 -mGLOB_long_size_64 -mGLOB_routine_pointer_size_64 -mGLOB_driver_tempfile_name=/var/folders/nf/kscyqrcd5298dv5wjsllpj9r0000gn/T/icctempfileMlVjhE -mGLOB_os_target=GLOB_OS_TARGET_MACH -mGLOB_async_unwind_tables=TRUE -mGLOB_obj_output_file=/var/folders/nf/kscyqrcd5298dv5wjsllpj9r0000gn/T/ipo_icci8iGe3.o -mGLOB_source_dialect=GLOB_SOURCE_DIALECT_NONE -mP1OPT_source_file_name=ipo_out.c CMakeFiles/cmTryCompileExec698057328.dir/CMakeCCompilerABI.c.o -mIPOPT_object_files=T -mIPOPT_assembly_files=/var/folders/nf/kscyqrcd5298dv5wjsllpj9r0000gn/T/iccalisS2m1T5 -mIPOPT_generated_tempfiles=/var/folders/nf/kscyqrcd5298dv5wjsllpj9r0000gn/T/iccelis1FKa0U -mIPOPT_embedded_object_base_name=/var/folders/nf/kscyqrcd5298dv5wjsllpj9r0000gn/T/icceobjqR0yP9]
  link line: [/Applications/Xcode.app/Contents/Developer/Toolchains/XcodeDefault.xctoolchain/usr/bin/ld    -dynamic -arch x86_64 -weak_reference_mismatches non-weak -macosx_version_min 10.10.2 -no_compact_unwind -L/usr/local/lib -o cmTryCompileExec698057328 -L/usr/bin/icc-15.0-base/compiler/lib -L/usr/lib CMakeFiles/cmTryCompileExec698057328.dir/CMakeCCompilerABI.c.o -search_paths_first -headerpad_max_install_names -v -lmpi /usr/bin/icc-15.0-base/compiler/lib/libimf.a /usr/bin/icc-15.0-base/compiler/lib/libsvml.a /usr/bin/icc-15.0-base/compiler/lib/libirng.a /usr/bin/icc-15.0-base/compiler/lib/libipgo.a /usr/bin/icc-15.0-base/compiler/lib/libdecimal.a -weak-lcilkrts -lc++ -lSystem /usr/bin/icc-15.0-base/compiler/lib/libirc.a /usr/bin/icc-15.0-base/compiler/lib/libsvml.a /Applications/Xcode.app/Contents/Developer/Toolchains/XcodeDefault.xctoolchain/usr/bin/../lib/clang/6.0/lib/darwin/libclang_rt.osx.a]
    arg [/Applications/Xcode.app/Contents/Developer/Toolchains/XcodeDefault.xctoolchain/usr/bin/ld] ==> ignore
    arg [-dynamic] ==> ignore
    arg [-arch] ==> ignore
    arg [x86_64] ==> ignore
    arg [-weak_reference_mismatches] ==> ignore
    arg [non-weak] ==> ignore
    arg [-macosx_version_min] ==> ignore
    arg [10.10.2] ==> ignore
    arg [-no_compact_unwind] ==> ignore
    arg [-L/usr/local/lib] ==> dir [/usr/local/lib]
    arg [-o] ==> ignore
    arg [cmTryCompileExec698057328] ==> ignore
    arg [-L/usr/bin/icc-15.0-base/compiler/lib] ==> dir [/usr/bin/icc-15.0-base/compiler/lib]
    arg [-L/usr/lib] ==> dir [/usr/lib]
    arg [CMakeFiles/cmTryCompileExec698057328.dir/CMakeCCompilerABI.c.o] ==> ignore
    arg [-search_paths_first] ==> ignore
    arg [-headerpad_max_install_names] ==> ignore
    arg [-v] ==> ignore
    arg [-lmpi] ==> lib [mpi]
    arg [/usr/bin/icc-15.0-base/compiler/lib/libimf.a] ==> lib [/usr/bin/icc-15.0-base/compiler/lib/libimf.a]
    arg [/usr/bin/icc-15.0-base/compiler/lib/libsvml.a] ==> lib [/usr/bin/icc-15.0-base/compiler/lib/libsvml.a]
    arg [/usr/bin/icc-15.0-base/compiler/lib/libirng.a] ==> lib [/usr/bin/icc-15.0-base/compiler/lib/libirng.a]
    arg [/usr/bin/icc-15.0-base/compiler/lib/libipgo.a] ==> lib [/usr/bin/icc-15.0-base/compiler/lib/libipgo.a]
    arg [/usr/bin/icc-15.0-base/compiler/lib/libdecimal.a] ==> lib [/usr/bin/icc-15.0-base/compiler/lib/libdecimal.a]
    arg [-weak-lcilkrts] ==> ignore
    arg [-lc++] ==> lib [c++]
    arg [-lSystem] ==> lib [System]
    arg [/usr/bin/icc-15.0-base/compiler/lib/libirc.a] ==> lib [/usr/bin/icc-15.0-base/compiler/lib/libirc.a]
    arg [/usr/bin/icc-15.0-base/compiler/lib/libsvml.a] ==> lib [/usr/bin/icc-15.0-base/compiler/lib/libsvml.a]
    arg [/Applications/Xcode.app/Contents/Developer/Toolchains/XcodeDefault.xctoolchain/usr/bin/../lib/clang/6.0/lib/darwin/libclang_rt.osx.a] ==> lib [/Applications/Xcode.app/Contents/Developer/Toolchains/XcodeDefault.xctoolchain/usr/bin/../lib/clang/6.0/lib/darwin/libclang_rt.osx.a]
  Library search paths: [;/usr/local/lib;/usr/bin/icc-15.0-base/compiler/lib;/usr/lib;/usr/lib;/usr/local/lib]
  Framework search paths: [;/Library/Frameworks/;/System/Library/Frameworks/]
  remove lib [System]
  collapse lib [/Applications/Xcode.app/Contents/Developer/Toolchains/XcodeDefault.xctoolchain/usr/bin/../lib/clang/6.0/lib/darwin/libclang_rt.osx.a] ==> [/Applications/Xcode.app/Contents/Developer/Toolchains/XcodeDefault.xctoolchain/usr/lib/clang/6.0/lib/darwin/libclang_rt.osx.a]
  collapse library dir [/usr/local/lib] ==> [/usr/local/lib]
  collapse library dir [/usr/bin/icc-15.0-base/compiler/lib] ==> [/usr/bin/icc-15.0-base/compiler/lib]
  collapse library dir [/usr/lib] ==> [/usr/lib]
  collapse library dir [/usr/local/lib] ==> [/usr/local/lib]
  collapse library dir [/usr/bin/icc-15.0-base/compiler/lib] ==> [/usr/bin/icc-15.0-base/compiler/lib]
  collapse library dir [/usr/lib] ==> [/usr/lib]
  collapse library dir [/usr/lib] ==> [/usr/lib]
  collapse library dir [/usr/local/lib] ==> [/usr/local/lib]
  collapse framework dir [/Library/Frameworks/] ==> [/Library/Frameworks]
  collapse framework dir [/System/Library/Frameworks/] ==> [/System/Library/Frameworks]
  implicit libs: [mpi;/usr/bin/icc-15.0-base/compiler/lib/libimf.a;/usr/bin/icc-15.0-base/compiler/lib/libsvml.a;/usr/bin/icc-15.0-base/compiler/lib/libirng.a;/usr/bin/icc-15.0-base/compiler/lib/libipgo.a;/usr/bin/icc-15.0-base/compiler/lib/libdecimal.a;c++;/usr/bin/icc-15.0-base/compiler/lib/libirc.a;/usr/bin/icc-15.0-base/compiler/lib/libsvml.a;/Applications/Xcode.app/Contents/Developer/Toolchains/XcodeDefault.xctoolchain/usr/lib/clang/6.0/lib/darwin/libclang_rt.osx.a]
  implicit dirs: [/usr/local/lib;/usr/bin/icc-15.0-base/compiler/lib;/usr/lib]
  implicit fwks: [/Library/Frameworks;/System/Library/Frameworks]


Determining if the CXX compiler works passed with the following output:
Change Dir: /Users/Jorgenkg/Documents/Skole/TMA4280 Super Computers/oving4/mac_build/CMakeFiles/CMakeTmp

Run Build Command:"/usr/bin/make" "cmTryCompileExec764638303/fast"
/Applications/Xcode.app/Contents/Developer/usr/bin/make -f CMakeFiles/cmTryCompileExec764638303.dir/build.make CMakeFiles/cmTryCompileExec764638303.dir/build
/opt/local/bin/cmake -E cmake_progress_report "/Users/Jorgenkg/Documents/Skole/TMA4280 Super Computers/oving4/mac_build/CMakeFiles/CMakeTmp/CMakeFiles" 1
Building CXX object CMakeFiles/cmTryCompileExec764638303.dir/testCXXCompiler.cxx.o
/usr/local/bin/mpicxx     -o CMakeFiles/cmTryCompileExec764638303.dir/testCXXCompiler.cxx.o -c "/Users/Jorgenkg/Documents/Skole/TMA4280 Super Computers/oving4/mac_build/CMakeFiles/CMakeTmp/testCXXCompiler.cxx"
Linking CXX executable cmTryCompileExec764638303
/opt/local/bin/cmake -E cmake_link_script CMakeFiles/cmTryCompileExec764638303.dir/link.txt --verbose=1
/usr/local/bin/mpicxx     -Wl,-search_paths_first -Wl,-headerpad_max_install_names   CMakeFiles/cmTryCompileExec764638303.dir/testCXXCompiler.cxx.o  -o cmTryCompileExec764638303  


Detecting CXX compiler ABI info compiled with the following output:
Change Dir: /Users/Jorgenkg/Documents/Skole/TMA4280 Super Computers/oving4/mac_build/CMakeFiles/CMakeTmp

Run Build Command:"/usr/bin/make" "cmTryCompileExec1604955951/fast"
/Applications/Xcode.app/Contents/Developer/usr/bin/make -f CMakeFiles/cmTryCompileExec1604955951.dir/build.make CMakeFiles/cmTryCompileExec1604955951.dir/build
/opt/local/bin/cmake -E cmake_progress_report "/Users/Jorgenkg/Documents/Skole/TMA4280 Super Computers/oving4/mac_build/CMakeFiles/CMakeTmp/CMakeFiles" 1
Building CXX object CMakeFiles/cmTryCompileExec1604955951.dir/CMakeCXXCompilerABI.cpp.o
/usr/local/bin/mpicxx     -o CMakeFiles/cmTryCompileExec1604955951.dir/CMakeCXXCompilerABI.cpp.o -c /opt/local/share/cmake-3.0/Modules/CMakeCXXCompilerABI.cpp
Linking CXX executable cmTryCompileExec1604955951
/opt/local/bin/cmake -E cmake_link_script CMakeFiles/cmTryCompileExec1604955951.dir/link.txt --verbose=1
/usr/local/bin/mpicxx     -Wl,-search_paths_first -Wl,-headerpad_max_install_names -v -Wl,-v CMakeFiles/cmTryCompileExec1604955951.dir/CMakeCXXCompilerABI.cpp.o  -o cmTryCompileExec1604955951   
icpc version 15.0.2 (gcc version 4.9.0 compatibility)
/usr/bin/icpc-15.0-base/bin/intel64/mcpcom    -mP1OPT_version=15.0-intel64 -mGLOB_diag_file=CMakeFiles/cmTryCompileExec1604955951.dir/CMakeCXXCompilerABI.cpp.diag -mGLOB_diag_use_message_catalog=FALSE -mP1OPT_print_version=FALSE -mCG_use_gas_got_workaround=F -mP2OPT_align_option_used=TRUE -mGLOB_gcc_version=490 "-mGLOB_options_string=-I/usr/local/include -Wl,-search_paths_first -Wl,-headerpad_max_install_names -v -Wl,-v -o cmTryCompileExec1604955951 -L/usr/local/lib -lmpi_cxx -lmpi" -mGLOB_position_independent_code -mGLOB_preemption_model=1 -mGLOB_no_compact_unwind=TRUE -mGLOB_cxx_limited_range=FALSE -mCG_extend_parms=FALSE -mGLOB_compiler_bin_directory=/usr/bin/icpc-15.0-base/bin/intel64 -mGLOB_as_output_backup_file_name=/var/folders/nf/kscyqrcd5298dv5wjsllpj9r0000gn/T/icpcC1dPXzas_.s -mIPOPT_activate -mGLOB_em64t -mGLOB_product_id_code=0x22006d8e -mP3OPT_use_mspp_call_convention -mPGOPTI_value_profile_use=T -mGLOB_opt_report_use_source_name -mP2OPT_il0_array_sections=TRUE -mP2OPT_hlo -mP2OPT_hpo_rtt_control=0 -mIPOPT_args_in_regs=0 -mP2OPT_disam_assume_nonstd_intent_in=FALSE -mGLOB_imf_mapping_library=/usr/bin/icpc-15.0-base/bin/intel64/libiml_attr.dylib -mPGOPTI_gen_threadsafe_level=0 -mIPOPT_link -mIPOPT_ipo_activate -mIPOPT_mo_activate -mIPOPT_source_files_list=/var/folders/nf/kscyqrcd5298dv5wjsllpj9r0000gn/T/icpcslisAsDvlD -mIPOPT_mo_global_data "-mIPOPT_cmdline_link="-dynamic" "-arch" "x86_64" "-weak_reference_mismatches" "non-weak" "-macosx_version_min" "10.10.2" "-no_compact_unwind" "-L/usr/local/lib" "-o" "cmTryCompileExec1604955951" "-L/usr/bin/icpc-15.0-base/compiler/lib" "-L/usr/lib" "-search_paths_first" "-headerpad_max_install_names" "-v" "CMakeFiles/cmTryCompileExec1604955951.dir/CMakeCXXCompilerABI.cpp.o" "-lmpi_cxx" "-lmpi" "/usr/bin/icpc-15.0-base/compiler/lib/libimf.a" "/usr/bin/icpc-15.0-base/compiler/lib/libsvml.a" "/usr/bin/icpc-15.0-base/compiler/lib/libirng.a" "/usr/bin/icpc-15.0-base/compiler/lib/libipgo.a" "/usr/bin/icpc-15.0-base/compiler/lib/libdecimal.a" "-weak-lcilkrts" "-lc++" "-lSystem" "/usr/bin/icpc-15.0-base/compiler/lib/libirc.a" "/usr/bin/icpc-15.0-base/compiler/lib/libsvml.a" "/Applications/Xcode.app/Contents/Developer/Toolchains/XcodeDefault.xctoolchain/usr/bin/../lib/clang/6.0/lib/darwin/libclang_rt.osx.a"" -mIPOPT_il_in_obj -mIPOPT_ipo_activate_warn=FALSE -mIPOPT_obj_output_file_name=/var/folders/nf/kscyqrcd5298dv5wjsllpj9r0000gn/T/ipo_icpcoAvk0Z.o -mIPOPT_whole_archive_fixup_file_name=/var/folders/nf/kscyqrcd5298dv5wjsllpj9r0000gn/T/icpcwarchDe0J2q -mGLOB_long_size_64 -mGLOB_routine_pointer_size_64 -mGLOB_driver_tempfile_name=/var/folders/nf/kscyqrcd5298dv5wjsllpj9r0000gn/T/icpctempfileBjDsOQ -mGLOB_os_target=GLOB_OS_TARGET_MACH -mGLOB_async_unwind_tables=TRUE -mGLOB_obj_output_file=/var/folders/nf/kscyqrcd5298dv5wjsllpj9r0000gn/T/ipo_icpcoAvk0Z.o -mGLOB_source_dialect=GLOB_SOURCE_DIALECT_NONE -mP1OPT_source_file_name=ipo_out.c CMakeFiles/cmTryCompileExec1604955951.dir/CMakeCXXCompilerABI.cpp.o -mIPOPT_object_files=T -mIPOPT_assembly_files=/var/folders/nf/kscyqrcd5298dv5wjsllpj9r0000gn/T/icpcalisWKqBmU -mIPOPT_generated_tempfiles=/var/folders/nf/kscyqrcd5298dv5wjsllpj9r0000gn/T/icpcelisB2ktGt -mIPOPT_embedded_object_base_name=/var/folders/nf/kscyqrcd5298dv5wjsllpj9r0000gn/T/icpceobjvCy1o2
/Applications/Xcode.app/Contents/Developer/Toolchains/XcodeDefault.xctoolchain/usr/bin/ld    -dynamic -arch x86_64 -weak_reference_mismatches non-weak -macosx_version_min 10.10.2 -no_compact_unwind -L/usr/local/lib -o cmTryCompileExec1604955951 -L/usr/bin/icpc-15.0-base/compiler/lib -L/usr/lib CMakeFiles/cmTryCompileExec1604955951.dir/CMakeCXXCompilerABI.cpp.o -search_paths_first -headerpad_max_install_names -v -lmpi_cxx -lmpi /usr/bin/icpc-15.0-base/compiler/lib/libimf.a /usr/bin/icpc-15.0-base/compiler/lib/libsvml.a /usr/bin/icpc-15.0-base/compiler/lib/libirng.a /usr/bin/icpc-15.0-base/compiler/lib/libipgo.a /usr/bin/icpc-15.0-base/compiler/lib/libdecimal.a -weak-lcilkrts -lc++ -lSystem /usr/bin/icpc-15.0-base/compiler/lib/libirc.a /usr/bin/icpc-15.0-base/compiler/lib/libsvml.a /Applications/Xcode.app/Contents/Developer/Toolchains/XcodeDefault.xctoolchain/usr/bin/../lib/clang/6.0/lib/darwin/libclang_rt.osx.a
@(#)PROGRAM:ld  PROJECT:ld64-241.9
configured to support archs: armv6 armv7 armv7s arm64 i386 x86_64 x86_64h armv6m armv7m armv7em
Library search paths:
	/usr/local/lib
	/usr/bin/icpc-15.0-base/compiler/lib
	/usr/lib
	/usr/lib
	/usr/local/lib
Framework search paths:
	/Library/Frameworks/
	/System/Library/Frameworks/


Parsed CXX implicit link information from above output:
  link line regex: [^( *|.*[/\])(ld|([^/\]+-)?ld|collect2)[^/\]*( |$)]
  ignore line: [Change Dir: /Users/Jorgenkg/Documents/Skole/TMA4280 Super Computers/oving4/mac_build/CMakeFiles/CMakeTmp]
  ignore line: []
  ignore line: [Run Build Command:"/usr/bin/make" "cmTryCompileExec1604955951/fast"]
  ignore line: [/Applications/Xcode.app/Contents/Developer/usr/bin/make -f CMakeFiles/cmTryCompileExec1604955951.dir/build.make CMakeFiles/cmTryCompileExec1604955951.dir/build]
  ignore line: [/opt/local/bin/cmake -E cmake_progress_report "/Users/Jorgenkg/Documents/Skole/TMA4280 Super Computers/oving4/mac_build/CMakeFiles/CMakeTmp/CMakeFiles" 1]
  ignore line: [Building CXX object CMakeFiles/cmTryCompileExec1604955951.dir/CMakeCXXCompilerABI.cpp.o]
  ignore line: [/usr/local/bin/mpicxx     -o CMakeFiles/cmTryCompileExec1604955951.dir/CMakeCXXCompilerABI.cpp.o -c /opt/local/share/cmake-3.0/Modules/CMakeCXXCompilerABI.cpp]
  ignore line: [Linking CXX executable cmTryCompileExec1604955951]
  ignore line: [/opt/local/bin/cmake -E cmake_link_script CMakeFiles/cmTryCompileExec1604955951.dir/link.txt --verbose=1]
  ignore line: [/usr/local/bin/mpicxx     -Wl,-search_paths_first -Wl,-headerpad_max_install_names -v -Wl,-v CMakeFiles/cmTryCompileExec1604955951.dir/CMakeCXXCompilerABI.cpp.o  -o cmTryCompileExec1604955951   ]
  ignore line: [icpc version 15.0.2 (gcc version 4.9.0 compatibility)]
  ignore line: [/usr/bin/icpc-15.0-base/bin/intel64/mcpcom    -mP1OPT_version=15.0-intel64 -mGLOB_diag_file=CMakeFiles/cmTryCompileExec1604955951.dir/CMakeCXXCompilerABI.cpp.diag -mGLOB_diag_use_message_catalog=FALSE -mP1OPT_print_version=FALSE -mCG_use_gas_got_workaround=F -mP2OPT_align_option_used=TRUE -mGLOB_gcc_version=490 "-mGLOB_options_string=-I/usr/local/include -Wl,-search_paths_first -Wl,-headerpad_max_install_names -v -Wl,-v -o cmTryCompileExec1604955951 -L/usr/local/lib -lmpi_cxx -lmpi" -mGLOB_position_independent_code -mGLOB_preemption_model=1 -mGLOB_no_compact_unwind=TRUE -mGLOB_cxx_limited_range=FALSE -mCG_extend_parms=FALSE -mGLOB_compiler_bin_directory=/usr/bin/icpc-15.0-base/bin/intel64 -mGLOB_as_output_backup_file_name=/var/folders/nf/kscyqrcd5298dv5wjsllpj9r0000gn/T/icpcC1dPXzas_.s -mIPOPT_activate -mGLOB_em64t -mGLOB_product_id_code=0x22006d8e -mP3OPT_use_mspp_call_convention -mPGOPTI_value_profile_use=T -mGLOB_opt_report_use_source_name -mP2OPT_il0_array_sections=TRUE -mP2OPT_hlo -mP2OPT_hpo_rtt_control=0 -mIPOPT_args_in_regs=0 -mP2OPT_disam_assume_nonstd_intent_in=FALSE -mGLOB_imf_mapping_library=/usr/bin/icpc-15.0-base/bin/intel64/libiml_attr.dylib -mPGOPTI_gen_threadsafe_level=0 -mIPOPT_link -mIPOPT_ipo_activate -mIPOPT_mo_activate -mIPOPT_source_files_list=/var/folders/nf/kscyqrcd5298dv5wjsllpj9r0000gn/T/icpcslisAsDvlD -mIPOPT_mo_global_data "-mIPOPT_cmdline_link="-dynamic" "-arch" "x86_64" "-weak_reference_mismatches" "non-weak" "-macosx_version_min" "10.10.2" "-no_compact_unwind" "-L/usr/local/lib" "-o" "cmTryCompileExec1604955951" "-L/usr/bin/icpc-15.0-base/compiler/lib" "-L/usr/lib" "-search_paths_first" "-headerpad_max_install_names" "-v" "CMakeFiles/cmTryCompileExec1604955951.dir/CMakeCXXCompilerABI.cpp.o" "-lmpi_cxx" "-lmpi" "/usr/bin/icpc-15.0-base/compiler/lib/libimf.a" "/usr/bin/icpc-15.0-base/compiler/lib/libsvml.a" "/usr/bin/icpc-15.0-base/compiler/lib/libirng.a" "/usr/bin/icpc-15.0-base/compiler/lib/libipgo.a" "/usr/bin/icpc-15.0-base/compiler/lib/libdecimal.a" "-weak-lcilkrts" "-lc++" "-lSystem" "/usr/bin/icpc-15.0-base/compiler/lib/libirc.a" "/usr/bin/icpc-15.0-base/compiler/lib/libsvml.a" "/Applications/Xcode.app/Contents/Developer/Toolchains/XcodeDefault.xctoolchain/usr/bin/../lib/clang/6.0/lib/darwin/libclang_rt.osx.a"" -mIPOPT_il_in_obj -mIPOPT_ipo_activate_warn=FALSE -mIPOPT_obj_output_file_name=/var/folders/nf/kscyqrcd5298dv5wjsllpj9r0000gn/T/ipo_icpcoAvk0Z.o -mIPOPT_whole_archive_fixup_file_name=/var/folders/nf/kscyqrcd5298dv5wjsllpj9r0000gn/T/icpcwarchDe0J2q -mGLOB_long_size_64 -mGLOB_routine_pointer_size_64 -mGLOB_driver_tempfile_name=/var/folders/nf/kscyqrcd5298dv5wjsllpj9r0000gn/T/icpctempfileBjDsOQ -mGLOB_os_target=GLOB_OS_TARGET_MACH -mGLOB_async_unwind_tables=TRUE -mGLOB_obj_output_file=/var/folders/nf/kscyqrcd5298dv5wjsllpj9r0000gn/T/ipo_icpcoAvk0Z.o -mGLOB_source_dialect=GLOB_SOURCE_DIALECT_NONE -mP1OPT_source_file_name=ipo_out.c CMakeFiles/cmTryCompileExec1604955951.dir/CMakeCXXCompilerABI.cpp.o -mIPOPT_object_files=T -mIPOPT_assembly_files=/var/folders/nf/kscyqrcd5298dv5wjsllpj9r0000gn/T/icpcalisWKqBmU -mIPOPT_generated_tempfiles=/var/folders/nf/kscyqrcd5298dv5wjsllpj9r0000gn/T/icpcelisB2ktGt -mIPOPT_embedded_object_base_name=/var/folders/nf/kscyqrcd5298dv5wjsllpj9r0000gn/T/icpceobjvCy1o2]
  link line: [/Applications/Xcode.app/Contents/Developer/Toolchains/XcodeDefault.xctoolchain/usr/bin/ld    -dynamic -arch x86_64 -weak_reference_mismatches non-weak -macosx_version_min 10.10.2 -no_compact_unwind -L/usr/local/lib -o cmTryCompileExec1604955951 -L/usr/bin/icpc-15.0-base/compiler/lib -L/usr/lib CMakeFiles/cmTryCompileExec1604955951.dir/CMakeCXXCompilerABI.cpp.o -search_paths_first -headerpad_max_install_names -v -lmpi_cxx -lmpi /usr/bin/icpc-15.0-base/compiler/lib/libimf.a /usr/bin/icpc-15.0-base/compiler/lib/libsvml.a /usr/bin/icpc-15.0-base/compiler/lib/libirng.a /usr/bin/icpc-15.0-base/compiler/lib/libipgo.a /usr/bin/icpc-15.0-base/compiler/lib/libdecimal.a -weak-lcilkrts -lc++ -lSystem /usr/bin/icpc-15.0-base/compiler/lib/libirc.a /usr/bin/icpc-15.0-base/compiler/lib/libsvml.a /Applications/Xcode.app/Contents/Developer/Toolchains/XcodeDefault.xctoolchain/usr/bin/../lib/clang/6.0/lib/darwin/libclang_rt.osx.a]
    arg [/Applications/Xcode.app/Contents/Developer/Toolchains/XcodeDefault.xctoolchain/usr/bin/ld] ==> ignore
    arg [-dynamic] ==> ignore
    arg [-arch] ==> ignore
    arg [x86_64] ==> ignore
    arg [-weak_reference_mismatches] ==> ignore
    arg [non-weak] ==> ignore
    arg [-macosx_version_min] ==> ignore
    arg [10.10.2] ==> ignore
    arg [-no_compact_unwind] ==> ignore
    arg [-L/usr/local/lib] ==> dir [/usr/local/lib]
    arg [-o] ==> ignore
    arg [cmTryCompileExec1604955951] ==> ignore
    arg [-L/usr/bin/icpc-15.0-base/compiler/lib] ==> dir [/usr/bin/icpc-15.0-base/compiler/lib]
    arg [-L/usr/lib] ==> dir [/usr/lib]
    arg [CMakeFiles/cmTryCompileExec1604955951.dir/CMakeCXXCompilerABI.cpp.o] ==> ignore
    arg [-search_paths_first] ==> ignore
    arg [-headerpad_max_install_names] ==> ignore
    arg [-v] ==> ignore
    arg [-lmpi_cxx] ==> lib [mpi_cxx]
    arg [-lmpi] ==> lib [mpi]
    arg [/usr/bin/icpc-15.0-base/compiler/lib/libimf.a] ==> lib [/usr/bin/icpc-15.0-base/compiler/lib/libimf.a]
    arg [/usr/bin/icpc-15.0-base/compiler/lib/libsvml.a] ==> lib [/usr/bin/icpc-15.0-base/compiler/lib/libsvml.a]
    arg [/usr/bin/icpc-15.0-base/compiler/lib/libirng.a] ==> lib [/usr/bin/icpc-15.0-base/compiler/lib/libirng.a]
    arg [/usr/bin/icpc-15.0-base/compiler/lib/libipgo.a] ==> lib [/usr/bin/icpc-15.0-base/compiler/lib/libipgo.a]
    arg [/usr/bin/icpc-15.0-base/compiler/lib/libdecimal.a] ==> lib [/usr/bin/icpc-15.0-base/compiler/lib/libdecimal.a]
    arg [-weak-lcilkrts] ==> ignore
    arg [-lc++] ==> lib [c++]
    arg [-lSystem] ==> lib [System]
    arg [/usr/bin/icpc-15.0-base/compiler/lib/libirc.a] ==> lib [/usr/bin/icpc-15.0-base/compiler/lib/libirc.a]
    arg [/usr/bin/icpc-15.0-base/compiler/lib/libsvml.a] ==> lib [/usr/bin/icpc-15.0-base/compiler/lib/libsvml.a]
    arg [/Applications/Xcode.app/Contents/Developer/Toolchains/XcodeDefault.xctoolchain/usr/bin/../lib/clang/6.0/lib/darwin/libclang_rt.osx.a] ==> lib [/Applications/Xcode.app/Contents/Developer/Toolchains/XcodeDefault.xctoolchain/usr/bin/../lib/clang/6.0/lib/darwin/libclang_rt.osx.a]
  Library search paths: [;/usr/local/lib;/usr/bin/icpc-15.0-base/compiler/lib;/usr/lib;/usr/lib;/usr/local/lib]
  Framework search paths: [;/Library/Frameworks/;/System/Library/Frameworks/]
  remove lib [System]
  collapse lib [/Applications/Xcode.app/Contents/Developer/Toolchains/XcodeDefault.xctoolchain/usr/bin/../lib/clang/6.0/lib/darwin/libclang_rt.osx.a] ==> [/Applications/Xcode.app/Contents/Developer/Toolchains/XcodeDefault.xctoolchain/usr/lib/clang/6.0/lib/darwin/libclang_rt.osx.a]
  collapse library dir [/usr/local/lib] ==> [/usr/local/lib]
  collapse library dir [/usr/bin/icpc-15.0-base/compiler/lib] ==> [/usr/bin/icpc-15.0-base/compiler/lib]
  collapse library dir [/usr/lib] ==> [/usr/lib]
  collapse library dir [/usr/local/lib] ==> [/usr/local/lib]
  collapse library dir [/usr/bin/icpc-15.0-base/compiler/lib] ==> [/usr/bin/icpc-15.0-base/compiler/lib]
  collapse library dir [/usr/lib] ==> [/usr/lib]
  collapse library dir [/usr/lib] ==> [/usr/lib]
  collapse library dir [/usr/local/lib] ==> [/usr/local/lib]
  collapse framework dir [/Library/Frameworks/] ==> [/Library/Frameworks]
  collapse framework dir [/System/Library/Frameworks/] ==> [/System/Library/Frameworks]
  implicit libs: [mpi_cxx;mpi;/usr/bin/icpc-15.0-base/compiler/lib/libimf.a;/usr/bin/icpc-15.0-base/compiler/lib/libsvml.a;/usr/bin/icpc-15.0-base/compiler/lib/libirng.a;/usr/bin/icpc-15.0-base/compiler/lib/libipgo.a;/usr/bin/icpc-15.0-base/compiler/lib/libdecimal.a;c++;/usr/bin/icpc-15.0-base/compiler/lib/libirc.a;/usr/bin/icpc-15.0-base/compiler/lib/libsvml.a;/Applications/Xcode.app/Contents/Developer/Toolchains/XcodeDefault.xctoolchain/usr/lib/clang/6.0/lib/darwin/libclang_rt.osx.a]
  implicit dirs: [/usr/local/lib;/usr/bin/icpc-15.0-base/compiler/lib;/usr/lib]
  implicit fwks: [/Library/Frameworks;/System/Library/Frameworks]


Performing C SOURCE FILE Test OpenMP_FLAG_DETECTED succeded with the following output:
Change Dir: /Users/Jorgenkg/Documents/Skole/TMA4280 Super Computers/oving4/mac_build/CMakeFiles/CMakeTmp

Run Build Command:"/usr/bin/make" "cmTryCompileExec3281244105/fast"
/Applications/Xcode.app/Contents/Developer/usr/bin/make -f CMakeFiles/cmTryCompileExec3281244105.dir/build.make CMakeFiles/cmTryCompileExec3281244105.dir/build
/opt/local/bin/cmake -E cmake_progress_report "/Users/Jorgenkg/Documents/Skole/TMA4280 Super Computers/oving4/mac_build/CMakeFiles/CMakeTmp/CMakeFiles" 1
Building C object CMakeFiles/cmTryCompileExec3281244105.dir/src.c.o
/usr/local/bin/mpicc   -DOpenMP_FLAG_DETECTED -openmp   -o CMakeFiles/cmTryCompileExec3281244105.dir/src.c.o   -c "/Users/Jorgenkg/Documents/Skole/TMA4280 Super Computers/oving4/mac_build/CMakeFiles/CMakeTmp/src.c"
Linking C executable cmTryCompileExec3281244105
/opt/local/bin/cmake -E cmake_link_script CMakeFiles/cmTryCompileExec3281244105.dir/link.txt --verbose=1
/usr/local/bin/mpicc   -DOpenMP_FLAG_DETECTED -openmp -Wl,-search_paths_first -Wl,-headerpad_max_install_names   CMakeFiles/cmTryCompileExec3281244105.dir/src.c.o  -o cmTryCompileExec3281244105  

Source file was:

#include <omp.h>
int main() {
#ifdef _OPENMP
  return 0;
#else
  breaks_on_purpose
#endif
}

Performing C++ SOURCE FILE Test OpenMP_FLAG_DETECTED succeded with the following output:
Change Dir: /Users/Jorgenkg/Documents/Skole/TMA4280 Super Computers/oving4/mac_build/CMakeFiles/CMakeTmp

Run Build Command:"/usr/bin/make" "cmTryCompileExec1240911033/fast"
/Applications/Xcode.app/Contents/Developer/usr/bin/make -f CMakeFiles/cmTryCompileExec1240911033.dir/build.make CMakeFiles/cmTryCompileExec1240911033.dir/build
/opt/local/bin/cmake -E cmake_progress_report "/Users/Jorgenkg/Documents/Skole/TMA4280 Super Computers/oving4/mac_build/CMakeFiles/CMakeTmp/CMakeFiles" 1
Building CXX object CMakeFiles/cmTryCompileExec1240911033.dir/src.cxx.o
/usr/local/bin/mpicxx    -DOpenMP_FLAG_DETECTED -openmp   -o CMakeFiles/cmTryCompileExec1240911033.dir/src.cxx.o -c "/Users/Jorgenkg/Documents/Skole/TMA4280 Super Computers/oving4/mac_build/CMakeFiles/CMakeTmp/src.cxx"
Linking CXX executable cmTryCompileExec1240911033
/opt/local/bin/cmake -E cmake_link_script CMakeFiles/cmTryCompileExec1240911033.dir/link.txt --verbose=1
/usr/local/bin/mpicxx    -DOpenMP_FLAG_DETECTED -openmp -Wl,-search_paths_first -Wl,-headerpad_max_install_names   CMakeFiles/cmTryCompileExec1240911033.dir/src.cxx.o  -o cmTryCompileExec1240911033  

Source file was:

#include <omp.h>
int main() {
#ifdef _OPENMP
  return 0;
#else
  breaks_on_purpose
#endif
}

